27 48 4575 3786 3830 417 9042 1079 6762 3622 2477 5451 3225 6734 5655 6219 7345 3001 904 4361 3604 4484 9266 8384 5443 7001 6257 3737
32 84 5387 5698 3462 5777 8419 8681 7211 1281 5838 7309 2115 5074 8815 3606 3753 8693 1345 6397 3682 6077 8930 1775 574 8358 8751 7059 3106 6941 5362 9025 2609
25 88 9405 4546 8792 9743 354 5409 9044 1050 6798 6859 441 577 4201 3151 7851 3183 6976 2223 8802 1490 5242 6250 6051 6518
36 187 2026 3875 3375 1102 6399 3261 6121 7474 9789 1470 319 3846 6743 7178 4843 6926 122 7326 7510 8165 8584 6675 6545 917 7254 8340 413 788 6358 5429 9656 6943 3965 9753 9915
30 303 166 6004 780 6141 5422 1324 6132 4415 3507 9785 3340 5023 8074 129 5675 50 2712 7706 3823 6720 5509 7218 8386 7946 7489 7035 5055 3012 4156
19 474 3947 6012 3972 7246 2696 4027 4191 337 7892 8611 4313 2588 8934 3797 7154 7289 4013 2276
27 568 457 4376 4658 8854 7245 952 8869 6882 9089 5302 2402 4125 5664 1416 3756 9870 7848 9865 2471 8065 6109 3728 1285 9010 6322 9827
38 677 7188 1170 8586 5025 6718 9680 8940 7364 5170 1985 8257 7234 3505 9644 4096 5340 9366 1597 8476 7418 3195 5921 7504 5203 1243 9253 5800 7324 8036 1549 1398 3898 5202 1826 796 2130 3619
24 719 2095 4871 8864 2557 1255 9436 6414 3237 8821 3004 4847 1548 2572 9261 1440 2258 2902 3698 9567 4752 1865 5449 6191
27 837 2942 5189 4867 47 4957 9832 4986 5124 2884 294 3621 408 5556 6682 8415 6846 1604 7832 4631 8221 1621 7652 5823 5638 1998 9176
27 1066 6912 6359 9652 8023 4981 5317 232 5216 7860 2148 4850 5611 334 2466 5412 885 1575 4676 6097 9203 7307 4226 7813 5647 8701 247
14 1178 147 7794 8026 4628 7865 4248 2694 3123 6459 6517 4273 6595 3755
31 1209 4233 697 332 7434 2059 6313 9195 7113 7872 4221 5804 3213 9152 9244 855 4870 1025 1321 4719 9618 5938 784 8608 7055 9309 1617 6594 831 5547 5108
25 1315 1013 3510 210 5601 8379 6744 4340 5929 5292 5243 5520 7328 4831 6324 8231 2579 9115 1608 4599 3705 8519 8163 5253 9380
25 1335 1773 7372 69 3966 1667 6048 6089 3746 3981 4714 544 6915 2366 6684 194 1783 9798 8246 5687 6960 6032 1473 424 2225
31 1515 7357 9813 1527 2783 6293 8973 8737 1768 8645 4302 1639 1461 5559 5083 9163 6655 9821 1572 4560 7322 9565 7887 1036 2071 1708 804 6895 2196 6470 1705
16 1543 5991 2959 2837 5308 3053 7999 9651 3331 7250 983 7930 7655 4886 2337 8870
24 1560 2782 7337 6705 5584 7041 9232 4584 5959 816 6165 9292 103 7351 3438 6758 5607 7333 1131 5912 4422 6046 7983 2669
22 1757 8449 7648 4011 6713 3776 3027 449 1889 8528 5427 1432 8912 5038 1520 1808 2564 3298 1290 3110 6919 4662
28 1900 3651 7975 565 8348 2653 9561 7576 249 8904 4669 8289 282 4985 4442 1094 7897 8896 7945 1615 9413 4229 8499 486 7953 360 1472 7641
30 1992 9320 481 5212 6749 5158 4749 646 7811 6491 3258 599 2760 2383 2154 6423 4809 4660 8127 3630 3707 4754 2499 4612 5828 4812 1495 1619 1586 3586
18 2009 9267 9104 3783 7994 7856 6066 9346 4335 7099 2685 2236 2980 7815 2342 7241 2870 9910
29 2135 3826 3334 3537 8353 3393 4347 4236 2548 8150 3163 1882 9686 5448 1457 827 5542 9399 6929 3835 5935 3995 7395 8089 4841 3224 2492 6931 1343
25 2356 789 6475 2181 102 7448 120 6331 2164 5709 8072 9015 9085 7368 3709 6992 6419 4284 869 7509 8468 662 1961 6559 6479
20 2432 1637 627 4255 9511 9182 7110 9621 5119 9587 7514 468 5797 5641 7348 6287 176 8452 9764 1359
33 2519 5948 1090 7373 9872 7882 2802 81 3754 8444 2607 3127 7689 2078 7645 6167 2344 9470 6763 4100 2010 7890 6315 6506 7658 4922 8333 3488 390 1669 8948 9717 8119
28 2571 8484 3596 5710 428 9071 3778 2543 883 1891 21 4055 9879 1988 2144 8115 1672 5186 2091 1089 6010 9794 4412 1802 5239 535 3514 1510
20 2581 2063 1914 4881 809 2644 1382 803 5754 4526 4373 3472 5142 1242 5290 9922 3644 3310 898 998
29 2695 8274 4830 100 8259 6597 2809 5907 7857 9299 7610 9658 731 385 6332 1535 2214 8531 2124 9173 5229 9197 4132 3914 8696 3819 9454 3665 2964
19 2920 6662 2642 8991 6703 4065 6579 9288 8987 1922 9400 7760 8919 341 9775 3405 4446 5848 976
21 2949 3579 4352 5622 4819 7727 8186 10 774 4997 5484 8283 4097 2911 339 3382 4954 4325 3741 263 8147
29 3156 7028 4196 1908 2967 7492 8615 9647 8996 9992 7422 2057 6591 8286 205 570 6878 6524 3678 5752 51 4509 2080 8507 2598 383 7151 3591 2818
22 3253 1192 1911 8345 4440 9919 2956 4567 3567 4152 9017 2655 5 5765 8634 8230 2446 2970 9336 8647 7215 2773
28 3580 8254 8079 8795 6078 3364 7555 3146 987 2468 6036 8547 4651 5470 467 7285 2682 4732 4505 1687 1007 5085 2795 1021 5051 3762 1052 3134
34 3629 7082 5748 1997 483 8768 415 5382 1008 5211 7065 7009 6833 1714 8025 4464 6142 4529 6267 8496 8172 6144 8570 5989 3941 1280 7888 5044 2833 4157 7772 472 5944 4622
20 3696 7503 5099 819 1071 2139 7046 6612 8258 8121 1451 3198 6328 8900 3297 5560 427 702 5494 4127
24 3869 8458 6536 3615 9497 9159 514 5899 2156 6751 8134 7142 6820 256 5502 9929 5696 9788 207 1760 4600 3837 9861 5254
31 4008 1883 5113 2426 7255 6842 5756 6261 8030 8695 2362 5260 9911 8691 7940 4073 9880 5274 3178 6320 3485 1347 1122 4298 4458 49 4995 637 7673 4332 3562
15 4078 530 4836 6989 9186 8961 6042 914 3330 5132 3365 4827 1807 6553 9803
27 4094 2296 5721 5511 5107 6814 1886 2745 252 1480 1282 4921 893 4329 2012 4222 6303 3668 4527 5081 3350 2014 2747 4162 86 1204 5543
29 4309 9246 1970 2235 9179 141 9962 459 5835 5619 7726 6437 586 6235 1328 714 278 3072 5577 7071 7302 1124 9959 9344 8734 4755 706 8389 6834
25 4377 7064 3104 6634 2952 2105 4070 9083 8669 3413 4619 9616 5966 4122 7396 1957 7970 2120 8964 4179 1112 6349 770 8552 5020
30 4435 1218 2056 6402 9392 6188 5967 1979 2901 953 6619 5133 9444 3351 6604 2700 619 8252 2263 1554 6918 9032 2347 5013 2743 1849 8923 7228 6073 6060
21 4525 8302 9559 4482 5352 7203 8595 578 4677 3085 5630 2882 5180 366 9706 4368 4382 9877 1316 4336 978
15 4839 4387 9012 8410 476 7520 9594 851 745 9663 564 5493 2529 4610 2448
20 5018 2512 6003 2497 8747 7092 225 2591 2514 1238 7421 5197 5814 4392 8943 9168 5413 9499 1909 7601
16 5137 8243 3623 8018 5221 2910 4014 6306 4582 4941 2734 5435 1847 4506 5857 142
21 5299 3197 9087 5996 3354 3554 8085 9419 3082 8555 8228 2240 5995 4796 5467 4580 8313 12 635 8463 1304
23 5335 3147 7216 7513 9741 6800 9474 7701 614 4316 8325 1289 3926 7747 631 3423 7204 7290 8790 8717 6993 430 2203
37 5440 8425 6457 8566 498 3319 2997 6480 1062 2290 7915 6056 9838 3556 2151 4964 4770 3016 414 9835 528 3452 2895 5109 2569 3831 8255 5079 9417 6796 1582 3576 4189 3652 3042 3984 5063
19 5868 4184 9105 1685 1676 9027 7103 3731 9694 8819 4279 9213 8576 149 9862 8596 2457 5408 9532
34 5970 2788 4815 3022 9751 6618 244 7778 4224 2034 67 9783 4942 6486 7353 3455 1486 8234 1906 2763 8754 7185 6551 6278 8577 7544 6440 2823 2628 3184 9909 4909 2618 3380
26 6002 6139 2436 4673 9925 3039 8108 7094 6008 8381 4745 5524 1373 5339 2489 8643 2427 9040 2188 4983 8684 2491 3304 5923 9589 3679
15 6031 1864 3155 3694 2228 1771 4272 6444 4746 9456 9946 813 7060 1400 5886
21 6252 4397 9623 285 6201 5417 8344 3399 8855 2903 9510 2494 6055 7622 5468 2616 923 1301 5977 7527 7049
14 6403 3062 6476 2220 4937 4019 7341 4012 6873 173 1932 6686 1230 9131
29 6412 1251 2904 3739 4171 4123 2275 3974 6416 5380 7630 3141 3009 3300 5080 748 4333 3431 426 2083 345 4589 9200 4908 8893 8888 5474 6458 9906
26 6466 9128 1363 6474 2999 8671 2857 1101 9641 6161 9687 779 8334 5958 7904 5956 6854 7886 5326 4736 6421 3422 6576 3185 7783 1929
25 6670 3029 3866 5699 8856 6615 8529 7642 3434 286 833 1392 2141 3135 5364 7125 6600 2476 9726 3071 5469 9771 4354 7991 3111
19 6783 1228 1267 1508 6729 2434 2930 2706 3901 3895 1045 1709 1946 6447 8601 1519 7331 2995 7433
24 7005 7346 8493 2921 6562 8883 6064 924 7560 2990 7106 5258 6754 6802 9312 1996 9047 6310 6284 9841 7559 1481 3533 2007
19 7013 4263 6452 6281 1918 2560 8362 305 4817 8805 7858 6852 4131 5354 8144 1427 9637 7649 7146
15 7109 9836 1785 9533 7605 5506 7121 3355 3809 4721 7902 6501 3671 9714 7410
17 7270 2122 4104 2037 9376 1034 6707 5478 9772 4474 9787 2697 7138 7002 5939 3857 5173
24 7399 2963 8203 8448 5156 5433 9889 8804 7745 8272 7613 9683 253 5195 8436 4960 1155 3563 3187 3456 7827 1044 8994 8850
35 7463 7293 9452 8309 439 6818 3453 7479 9604 3418 553 1912 6179 7931 7194 8916 9407 7062 3808 3078 997 5320 3061 1329 6759 8977 87 5775 1795 1899 5806 3787 3931 5591 8397
23 7475 9820 5332 5702 6460 1799 8182 5486 8516 2478 3262 9239 5805 814 4572 6626 4671 8005 6100 269 4616 258 8433
25 7928 9406 7451 1588 4153 35 8937 46 9265 5400 4828 2315 7900 3597 9006 618 5226 5555 480 1158 2879 3792 4927 1093 6152
30 7956 5654 1313 8766 9512 6648 3124 5695 9858 8220 4969 8407 2023 7793 9513 9358 1534 6629 4947 547 3738 972 6628 1237 3506 4023 3769 7105 6624 7621
23 7965 6404 6377 7594 5527 5582 928 2039 3130 6776 9674 5175 6090 5162 3287 1658 9189 4203 3378 4531 7311 4350 8862
34 8175 6745 3940 9655 254 8075 3469 5256 9592 4343 4515 724 9884 4487 5730 276 3233 3010 6264 6429 8927 9053 1196 6230 9107 7634 652 2460 3003 4728 1295 9936 1579 5953
27 8292 6053 1186 6927 8176 7171 4477 2966 6910 4317 3336 9039 4155 4946 6256 9041 3581 2369 6653 5129 2165 6986 8090 5652 1306 136 1410
18 8310 19 9402 4717 9248 1004 2264 1389 5373 151 4825 433 242 9442 9049 6632 3363 4483
28 8640 7210 6245 8034 6601 3468 97 9082 1679 5670 5353 6231 5104 8343 4218 8471 309 7500 8469 9924 6586 7053 8092 3703 2211 7409 7042 4432
13 8773 4642 9056 6138 7363 733 1145 943 6835 1571 6508 1437 9520
20 9256 4300 3531 7604 485 4353 9226 2977 1842 3139 6298 7354 9431 1265 2894 9059 7030 9932 6050 820
31 9313 4833 3396 9613 9199 6374 4213 7301 5550 8401 3210 412 8976 1031 8750 77 1450 201 5793 2350 3519 8839 404 1927 7487 8924 7859 4337 2138 9834 2658
33 9393 5218 1100 1054 6338 3050 7710 3732 2171 7515 2407 2040 2645 7842 1834 238 1342 2719 1026 7976 2873 2027 9588 4548 5185 5791 2490 4463 7184 9781 9095 447 5125
21 9504 6609 7024 6874 7583 34 1224 3955 7893 647 571 2824 5325 9521 2098 5065 9061 9650 4606 2659 9430
32 9707 6150 6413 6575 9375 2984 7629 3946 6909 5700 8446 7305 4685 2863 7587 9490 2595 6785 1058 42 139 6636 1828 4579 884 4999 2146 4253 8714 8983 3744 1022
32 9913 2831 2661 4119 6098 121 7817 9823 7920 7389 7231 3121 8004 5259 4388 1964 9828 5589 8972 2081 3706 5378 9332 7473 8514 8716 1149 3971 7163 56 7496 9990
22 2465 9985 9657 9065 6346 9731 6902 6727 9303 8799 6806 2636 2504 527 3699 171 322 217 2405 7056 416 4793
20 9976 6329 4428 6168 5017 1729 1835 1745 1081 4838 6522 9224 5002 7076 8763 9435 5513 7269 251 5376
26 4379 2975 5887 2916 4645 4366 6237 5792 6677 7267 3436 3948 3847 7237 8591 3011 1629 8779 6530 3960 8753 1578 2858 9693 3218 8740
31 3607 1593 3024 4848 5686 8796 146 8882 9742 9156 3735 3851 6610 5728 1782 363 8016 9050 1616 9352 9491 1694 6394 1788 3626 9668 4976 8308 566 9517 7472
19 5497 7186 5060 7117 5983 9247 8177 836 3551 1740 5738 9853 4166 2018 7242 5676 6401 7600 4069
21 9847 9685 8277 326 2036 9477 6244 8860 1110 2867 3790 8830 4473 2153 2762 2768 3521 3374 5255 2951 3690
29 8878 552 6871 8151 1494 4497 8560 6832 1051 350 5171 6187 8673 6945 470 2336 6791 1049 8604 6427 143 4928 6700 4813 58 6148 6481 8178 4929
25 9752 9463 9109 4595 1631 4503 1412 7532 2467 808 9987 4625 7506 287 6395 5414 1659 4444 2798 7427 5846 3529 5485 2449 9770
33 2735 5369 502 3585 3566 1215 91 7933 1644 8686 7873 1896 7078 8743 2375 5140 8166 8524 5482 6204 1719 2451 798 2803 653 2638 6899 7127 7369 5431 2961 3719 2509
26 9084 2511 2649 6119 5628 2320 2790 1930 3752 3474 4608 2765 2231 6176 7397 6376 7012 6169 2232 9982 8349 1540 4402 2005 3814 3207
32 7429 3311 4207 7442 6446 7922 751 2919 7816 9440 4775 9370 342 538 2438 6312 916 3489 6608 5479 2003 5706 2487 4142 3348 4670 8762 4861 5688 8249 7459 6494
18 7657 6159 8786 9705 2639 2060 7684 4899 6908 9355 2461 4621 9372 4015 781 1284 5714 6342
18 4090 7180 9556 1206 374 3867 193 8638 1159 5492 2002 1878 5515 410 5138 5616 1137 4592
29 3442 3067 206 9874 119 497 9610 161 2665 5576 4858 4247 2875 8229 8760 7763 5464 5694 7743 2099 5820 3407 101 5141 4731 6546 9850 2312 6721
15 5693 200 9830 4202 8128 2464 4786 39 1855 7519 3745 5812 5604 5029 5606
27 672 1492 4421 935 7208 2217 8190 930 6082 2045 6163 8956 5219 8237 6963 7909 7771 848 1157 323 6300 1728 763 8607 4962 7133 2586
13 6822 3202 694 1035 3916 5416 9235 4708 7482 6052 3858 3069 4047
23 4494 3461 9078 3833 6034 1902 6270 2044 2406 584 2359 3251 9337 3973 7556 8248 2672 5261 336 3177 407 2709 2840
24 549 7236 2425 4705 3119 6272 7425 1859 508 1643 7339 2693 3174 1626 6095 8678 8702 3872 5024 8488 6147 1892 4951 7375
33 9619 5393 7406 9869 267 607 704 6956 6013 425 8316 1787 1810 4675 8960 9270 4805 3045 9739 7619 9295 5164 3132 8474 5418 7644 8066 522 2251 221 5811 1341 7161
26 1305 6485 2006 2074 506 5371 680 5391 214 2563 8247 870 5401 6691 2889 44 8483 8625 8267 9294 4041 8910 3417 8232 4140 3402
30 9563 2495 5477 32 7663 9394 1211 9822 2206 7654 2229 490 7750 5379 5072 186 5000 703 2162 4182 2811 664 4288 7540 1645 6627 4883 9311 3064 9677
30 6263 7889 3773 6186 1949 6133 8300 3896 1947 6898 4358 6234 405 4232 3674 1933 4801 262 2038 9839 3998 9016 8658 9719 1374 9648 8282 1966 4479 4292
21 5192 8020 3317 4246 3193 9639 5462 6722 7755 3356 1027 2331 588 4972 597 9692 7669 4811 9811 8337 2273
33 3055 1524 4782 8042 3054 8037 5457 5160 8038 6391 2479 83 6779 1283 6542 8153 5183 7741 8889 6126 7590 291 9973 3192 891 9036 9465 7803 8849 762 4897 8123 7460
29 1097 7398 3176 9628 9696 6220 3051 8403 7730 826 3165 7316 3811 3722 3292 1649 8931 1262 6224 1925 110 4192 9125 4462 351 8139 7350 9977 7731
23 4601 9046 1674 8784 2112 9923 300 2011 2388 5903 6837 2800 4116 1675 9502 9931 9953 7739 7044 6323 1377 5265 8957
29 9003 7020 9144 4807 7193 531 3949 5405 8164 847 30 1960 8826 3216 2805 7217 1670 8357 6276 9893 765 3552 5960 844 3369 6348 8690 5280 8350
33 2247 6239 956 6645 1245 1352 3181 7837 4989 1069 3425 9160 5073 7791 6495 806 4188 877 3553 6289 3296 868 1434 5936 2202 981 8765 6449 4753 598 2610 1841 8453
17 2015 2480 8058 9950 2065 7334 2082 1688 3404 594 7773 7821 9759 4510 4540 2608 6288
20 4742 1447 1734 4080 1111 8306 5098 7960 5463 5680 6577 6936 3302 7054 299 792 1350 7166 8363 962
24 700 6493 2106 277 8915 6563 6584 7548 1331 2368 9222 2035 5824 6925 5062 2332 6184 863 9774 7708 5071 1958 6994 2208
20 423 7612 3384 5282 9483 6488 4747 6436 5689 7978 6174 7584 7155 4771 1405 4425 2575 5884 5691 1018
35 8518 6189 7230 8224 2382 5428 7665 990 2072 7971 9328 3509 2829 5306 9103 6602 4323 3495 2793 963 9866 4932 3344 179 5774 1091 1484 9875 705 5867 6096 8838 9560 7758 6870
28 1273 6786 1177 4602 8173 3315 5514 7592 1875 8926 235 2633 2116 8593 2634 5421 3395 7982 5980 6554 4239 7828 8256 7694 2349 8238 1118 4476
23 8731 7846 6327 1430 708 9763 4459 72 9682 227 8697 8478 7695 7545 3771 3515 4466 5146 8205 1731 2679 8078 1318
33 6689 8213 1512 6125 1386 5779 4914 9546 8597 7282 5603 8505 929 3750 6880 6799 5191 744 9902 964 250 7095 2590 8632 3019 9099 2488 8685 4563 1969 3172 9241 3347
23 8890 2400 9716 2684 5763 7388 8778 7031 1174 62 4627 7431 1881 5871 1173 1133 623 8602 7563 790 840 5790 3313
33 9514 3257 1904 665 507 7682 2652 8981 2108 711 4884 5481 6253 3070 7796 3137 239 2431 9348 4694 8015 8006 3060 4448 393 6487 5531 9154 7722 3987 5446 757 1439
23 2720 6135 5954 2825 3215 4636 4638 3859 9167 196 8307 4443 958 7944 3919 9740 8837 3633 4918 2321 70 392 9916
24 7861 2424 817 7768 9757 984 4990 2954 118 7516 3450 9659 6240 3377 5097 5168 9423 220 1890 8846 4240 8408 5028 1344
25 3090 9666 2780 4404 3270 8995 1239 9900 4328 523 9526 6041 1748 1448 9778 7547 9231 4626 7061 5459 3681 4905 4779 5179 1139
18 713 2357 1697 306 7192 1743 996 4004 4439 7336 548 6028 4199 7416 5198 7112 5758 7093
19 7936 7096 9458 9133 7014 938 8063 5442 9593 4845 5597 3700 824 2177 4556 5224 401 3718 6603
23 6277 7198 2973 1399 2437 6897 2204 9153 6709 7855 8162 4961 5612 2392 5673 8515 4994 259 1288 7814 4295 6585 4133
10 203 7149 5532 17 356 4454 2279 5968 6207 6644
25 5934 8370 1986 4141 5674 3482 1168 8809 2248 4426 7266 695 8748 6830 8813 8314 8526 7280 5331 1126 7390 6193 4998 9290 8070
28 6901 8629 9316 4761 172 152 6969 6643 3345 4398 23 6205 9212 8390 7974 3076 6382 4837 5315 1703 7181 5264 9260 7051 9792 2656 1962 4891
28 6815 8290 4666 1529 8125 2804 3308 8911 6290 2614 8431 7538 4620 260 8822 3376 8181 8196 2403 605 5842 2625 7539 4702 2985 3612 6212 5821
14 7070 2736 2777 5747 3342 2097 4678 5438 6259 14 1594 6845 2926 4955
22 4679 8800 5684 2893 2670 6415 4992 3613 7313 2294 1164 6561 9786 347 9093 2826 7625 1039 5151 1059 4390 8718
22 5445 1803 8998 7080 7659 6678 357 515 9630 801 2991 7608 968 5181 4816 9367 3726 7780 2069 6826 9898 7432
26 1105 6062 1302 6178 4892 8366 936 6363 7588 7853 5271 3736 6347 6532 5993 558 9279 3800 1506 1379 7696 3250 9960 3126 7436 3880
24 2883 5875 5890 8338 284 8791 8368 2551 9035 4400 1160 9228 5879 8051 8097 1339 834 8364 8657 8877 1191 2200 1055 1948
22 3817 8029 3541 9640 1723 9819 1146 5583 4692 2244 2299 5093 450 8280 6667 2257 5363 5200 2306 6143 1293 4799
24 9305 9090 7446 6771 6526 1349 6893 1422 4433 3498 9433 612 7462 9225 9939 6556 1926 4963 7543 6282 124 9522 7678 2627
26 4059 3276 1973 7679 5998 3231 4772 9026 5565 1235 4715 6590 6560 3158 3649 3125 7639 8723 2503 4083 5667 7618 8925 8538 4911 8301
27 1138 6924 1142 7226 2077 9118 5050 7342 382 2174 6885 3271 2758 165 38 2962 5822 9005 4413 810 6844 7801 5434 5057 8898 3664 5244
25 5324 7553 3426 4003 2409 169 4764 896 3970 8303 1945 7327 5383 6666 8709 1498 5795 192 2750 995 6108 2836 6118 811 465
29 1867 1625 7102 7174 8642 4930 6484 1299 4114 4734 6059 7220 5919 5522 8651 1856 160 9315 7244 6040 1076 2574 5683 7869 7374 9711 1522 2441 6111
24 4758 2742 601 7464 3547 3449 8917 9547 8076 9318 9293 2965 9188 3662 2860 1737 6964 4367 3015 4791 9427 5883 9317 8113
23 311 2797 9812 7197 3394 1584 2272 8326 8872 4093 473 3161 3412 6309 1732 3695 7688 5121 3275 7938 8636 1599 3903
29 6381 965 4826 164 1496 767 9284 9238 2086 2769 9361 866 5976 6102 4915 2351 7591 1673 6037 6671 7596 1099 8568 5750 8867 2103 3677 7719 1931
26 2917 8848 6711 5712 3583 1381 592 6733 3406 4712 2093 6086 2971 8002 5346 7029 4926 3100 9426 6828 9439 4700 5581 1699 8375 2530
19 6706 2166 5120 4410 2570 895 9209 6251 7761 2330 7488 4085 9287 2725 4061 5845 2806 9938 6795
33 7957 1010 3475 5351 6523 5830 8970 4270 9496 2192 8928 5725 3079 5801 1075 1953 5625 5852 1606 723 1730 6549 237 7225 6792 9660 2550 9486 9024 5854 6210 3458 8131
31 769 1332 7320 5295 2651 7386 2160 8378 2753 1475 7271 4767 9324 5210 3977 6625 6171 5384 9548 1836 5840 9453 1156 8752 4391 6153 5130 8648 9123 794 6170
19 519 8787 5990 6164 2399 6430 823 7239 4895 9837 8603 1568 1464 8261 9541 3968 2528 9387 8430
28 5717 3092 9353 5539 7209 7916 9481 6737 5910 7045 8109 7712 7949 1774 3992 8692 274 4092 7454 6539 7047 6314 8330 6496 9493 6521 9776 3643
33 4071 5572 6836 318 5187 4007 9068 64 629 3646 2270 9844 2346 3332 4514 5761 9161 7332 3094 7491 4596 6731 8046 2391 9746 2886 5623 2821 9369 5865 5720 144 4186
26 606 666 1942 5033 137 9368 5864 5785 8532 786 8060 3920 8812 9969 7439 340 9892 3034 7426 7338 7664 2013 8487 4305 432 4987
18 8708 3236 2915 7086 4016 7884 7785 9475 6274 9424 9031 9624 2241 2370 4646 8455 4672 1545
33 3549 4885 5517 95 4405 4880 4326 3785 3133 6268 2958 4561 8017 3593 8649 1307 970 4280 8294 6990 7299 5585 5898 7671 3803 8894 6335 8275 7183 234 8137 3589 9536
32 7499 2324 8548 5516 3885 2577 5267 2771 1250 3122 7907 9612 4046 4773 6642 6857 3574 8400 8470 4518 1870 386 7552 6129 1409 3943 5573 3041 6676 9545 4348 7700
33 1776 6922 1863 2180 9710 1565 6672 5915 1429 8239 2841 8293 4038 1394 3893 4978 4067 6714 7646 1622 9899 3006 2428 2168 6472 3175 7481 7955 7740 8836 9608 685 5370
36 3307 699 4661 5920 381 1647 4544 9410 9684 6971 3839 397 3986 1907 754 5880 3323 1854 2256 6906 9448 7973 8944 4923 4598 1108 7593 9854 7681 6933 6598 8797 1497 7476 4296 9736
34 8477 4414 4455 4863 4396 2323 1294 7043 6279 6367 8801 4832 1012 7006 3534 8437 7016 4982 3912 4452 1469 2522 9488 335 5165 4917 7550 2666 9365 5961 246 9147 6788 1015
26 6663 7471 5856 5540 3058 3220 671 2033 9564 5713 5116 8827 4117 8159 1598 3854 2513 4499 1736 9185 1357 9868 6477 3327 5294 6453
18 5235 9864 4709 3675 3843 5064 6987 5901 9968 8126 7091 6527 9223 5148 7165 3543 9860 8789
26 5300 5491 4507 9002 7253 4017 1109 6630 2898 5610 3757 1840 5026 8212 9023 9583 6891 9335 6697 7661 2728 5530 2029 4952 835 5571
24 9409 8024 5205 4349 5719 5678 2751 6699 4486 153 9072 985 9730 9386 3523 9991 931 7841 3934 2637 8451 2594 4759 2677
27 8950 825 846 4806 4035 1686 3958 772 9151 8953 1831 9362 1420 5143 5444 5546 651 8269 8949 265 8130 901 1278 6959 1898 9214 7467
36 3167 9544 2657 135 2537 9557 6173 8806 5087 8413 4211 8148 947 8646 3907 6970 3150 3266 3568 3813 7072 1167 331 5196 7247 3467 1574 5144 8418 9391 9007 5617 7087 8080 1939 4538
13 563 3798 1820 3476 880 4009 5704 7718 2430 3868 488 3687 2922
25 9679 7325 8755 7615 1266 3979 8432 2285 6938 8052 9096 9695 3306 1103 1080 9271 2853 9873 6872 7885 3983 5596 729 2300 3618
26 768 7934 1733 6280 4664 2924 388 9319 6211 2933 800 7707 1538 8525 9807 3318 2469 8769 4577 8114 5972 3388 7742 6750 5415 1134
20 5860 3333 2143 9845 9954 5734 1322 9425 43 7838 5802 785 6355 6074 6390 8666 9196 7831 8008 5471
16 8758 2613 1509 1436 6962 7830 1203 4394 6824 5780 6661 2265 6685 5896 3559 3985
18 8670 8540 5385 1435 2087 223 6175 8201 9201 9856 5671 1404 3037 5447 8929 1287 3229 5501
24 6916 4877 1564 7312 8653 9100 5557 5441 8045 4849 1894 3440 4146 6017 4814 8467 4743 3727 4968 5659 3522 5455 398 9326
37 9888 5971 8774 9926 9947 7683 8682 4659 6967 4256 7066 6333 8491 7120 7164 4033 3065 8725 1668 5052 1136 6014 1388 752 6370 5648 5488 8633 6236 1185 9808 5131 9676 9484 7702 3611 1150
32 6807 8736 271 3381 3584 9143 4916 2713 4106 4457 4044 283 4549 2062 1125 1371 2552 2102 1711 2988 9211 1413 7089 3479 9149 1216 6343 9184 9 9277 2819 8377
26 2316 7329 7876 5668 6538 529 1487 7134 4699 8984 9516 1117 1944 8793 3222 3763 3142 682 4234 7725 6704 7420 7667 6887 5776 1114
22 2061 2784 7224 7196 7411 1169 867 8033 2766 280 9038 2722 6939 8475 2939 452 1279 899 2671 1479 2376 5174
26 5086 7114 6804 5541 211 643 4031 9632 2043 7221 4784 5386 852 6712 1624 7286 8129 2445 2262 4633 3260 7343 2998 758 8057 5672
24 4058 248 2605 3795 1580 3936 9205 495 6308 8842 6755 4501 8704 8600 2475 7526 5784 2194 2067 5669 4242 329 5398 8054
23 4618 1227 4781 9495 5711 8504 7477 403 7643 8610 1096 4550 7296 8590 279 5908 7871 487 8402 8369 301 298 8582
25 7929 9011 7668 6101 1613 4888 4971 7573 3862 1271 1188 3007 8551 894 2142 6117 185 2646 6162 8135 4254 8466 1241 630 4604
19 7561 8902 7323 3565 2333 6182 1319 6730 9843 9384 8010 8920 7917 2772 8679 1258 1915 8295 7458
30 7401 5237 4665 8588 3666 9492 1910 2900 2482 292 5853 3530 1476 2568 1198 3845 8428 3341 158 7736 1526 5974 8355 3922 7603 5839 3113 8897 707 3883
25 2384 8136 3772 7672 1217 5475 2892 6469 1502 2447 4176 8392 3713 5084 2650 1462 5634 6448 8707 5399 2946 4785 1141 4695 8947
33 4855 4475 9543 7867 5627 5291 5815 5045 5031 9438 8662 4821 9321 740 8906 9092 5681 1671 4395 2295 9204 1950 2872 5153 1244 5328 1542 7484 1726 1536 6294 5666 5723
28 273 2589 6450 718 830 2352 8831 233 9420 65 1897 3550 7288 1832 6137 9194 104 5639 5570 3794 7980 9840 4769 5551 8541 7123 6650 9472
32 6831 6884 3411 9769 2992 2245 3116 4555 7256 9381 1620 8266 6674 6181 2931 8492 9460 7735 5877 1707 2832 6075 8472 8012 5965 9999 756 8091 9818 910 1019 5697
31 9325 4693 6192 3490 9549 7579 3169 3793 7769 2842 8533 1692 8857 912 9378 9462 5561 7966 1446 9605 3888 4822 9791 9713 229 2764 188 3863 8770 4374 939
24 3444 8783 726 655 977 241 2119 709 5100 7143 7366 5329 5519 9826 4365 8621 3824 9672 4380 6616 4364 4641 5458 9281
32 5769 6529 874 7572 4703 950 3047 2140 5036 5088 674 8780 6134 8027 3925 9722 9136 1236 4789 9978 9447 2215 6054 1505 1765 1713 526 2435 3702 5718 8622 3204
29 9140 5034 1955 1994 951 1175 5453 7162 3439 5632 2048 6345 6921 3295 5039 4893 692 1337 6692 3484 4468 5789 1017 4868 8572 2683 6968 5436 7733
19 4948 6966 3784 1189 461 8644 6156 1504 7749 1844 743 1821 7450 4434 4530 469 4286 9558 224
26 8703 1406 9469 4720 7380 3435 6247 2260 7048 3691 5101 5635 4002 3182 2580 2955 4420 2705 4956 8913 9296 8216 5760 3400 8001 4120
24 117 4208 6307 8346 7602 5626 761 3194 9364 2053 6215 2367 5893 6646 2066 2723 3899 1334 648 3349 3520 5653 8941 8527
16 7913 3759 1700 9077 9268 4111 7967 9230 6462 453 4469 746 1129 5889 3928 1418
24 6695 8932 3196 2928 7637 9252 1924 2373 7148 991 1154 3832 2996 8512 1533 3801 1919 1333 6194 4275 6291 948 2410 3617
22 7040 3540 3821 4920 6550 2799 3057 5287 8719 3 1468 2364 1727 8335 5645 3091 3217 3087 8537 1063 4321 1652
16 3855 3990 6473 7698 6076 9833 1458 3230 4265 2284 6620 2678 3164 5067 6087 8069
23 3371 4164 1518 7277 3818 9972 2394 6716 462 3305 2374 3570 5092 9150 1555 6688 7317 4967 8724 1095 2847 906 2691
27 8329 842 5487 8462 6879 8620 7823 2218 6578 7101 8873 28 3545 94 3684 3320 3301 6797 3206 9051 6701 3002 2219 1234 4996 9004 3812
20 9675 5112 5466 7249 4228 4704 6639 2076 2640 4588 4979 5904 812 3446 7820 9755 8720 3246 6516 6018
20 6198 8426 839 3740 1587 1553 4441 6757 6999 6848 9934 8605 9245 2932 4169 4763 4780 1202 16 3288
27 9449 2585 1152 5701 4617 821 40 9701 9720 9882 4209 5909 2851 5552 3660 4419 9119 5987 8322 8011 2807 7074 9689 2307 2145 8879 8606
27 4307 6502 945 1002 7457 9896 9074 4802 8741 518 6326 6778 183 195 2524 8875 2226 838 5873 5843 3048 5924 1893 1938 6035 2794 8319
31 375 8715 9045 9297 8614 1693 9262 9466 8694 2558 138 7145 7542 2104 8064 6581 3508 3917 7168 7003 4385 7126 4294 68 4551 7412 4691 2253 8482 4490 2055
22 1040 6265 9251 6883 8963 5042 5004 9709 9780 3939 6790 9945 1780 2699 6894 54 4401 2827 1585 1633 3892 1006
27 222 1407 9974 6741 8835 8521 6069 9164 2041 3789 4862 1583 9132 9408 3429 1330 6190 3711 7367 9443 9606 1552 9642 2423 4904 8098 3528
27 1005 9191 6255 6058 2731 7692 9158 3532 7187 8373 8218 575 5016 7100 6006 7153 3538 2752 4655 346 1936 123 5283 148 5404 5361 7713
11 9550 2314 1455 979 1292 1981 7809 5059 9446 5661 4281
29 3555 1860 7465 5955 9450 7628 9138 4696 5298 7176 7222 7918 3221 5061 1042 3747 8689 5963 8845 3730 5505 5177 642 2131 1739 1940 7951 2172 3346
16 1135 3645 6622 4993 7497 6286 198 4334 2549 4148 6640 1607 7826 4181 1180 3887
18 3578 8214 8895 9983 7147 4238 3023 8206 971 5337 1366 2301 1419 4399 7717 9210 5973 4320
16 5424 3708 8820 6515 3525 3881 2868 1401 7139 4022 644 7251 7606 5533 5318 8480
27 4894 7687 9768 1121 9631 6710 5054 3493 3117 3770 1325 377 8103 8416 2534 1317 4851 5640 1956 75 8497 7589 8456 8501 9451 1823 4750
17 920 7948 6505 1682 1789 2183 9895 7623 5178 9048 2583 8735 9993 6789 1254 6748 5504
15 9799 7709 5510 6756 6029 1500 1977 660 5982 4051 8365 9098 2249 9921 240
32 2559 567 9412 7430 98 3414 2781 8118 9165 7746 1246 9917 1277 999 8360 5870 1485 25 132 8287 9468 8393 5927 4431 6195 9568 2905 7863 2152 3860 8120 7058
21 6541 5377 6438 1557 4450 2866 7403 6995 6738 1358 6362 1162 1691 9206 9257 8195 2730 4649 9635 4338 6467
29 961 3918 8713 7347 8014 3874 536 576 4290 4198 7505 771 1786 4517 3136 7728 3144 6531 9728 1360 5338 6341 8441 2252 5460 4723 5232 3994 9476
22 372 4873 5743 6208 8110 7135 7808 5008 3751 3714 3416 728 7130 8143 5722 5979 5788 8999 7577 690 7881 6613
31 7952 6200 4656 7759 595 8324 4792 175 1779 4924 9810 6726 7021 909 3473 9661 2789 701 7839 7107 1769 3659 1816 8202 8756 2812 5439 5978 3781 6266 6113
16 3654 6680 6353 7529 537 3962 3841 4804 1463 9914 8180 1184 2878 4269 7297 807
26 24 2738 1651 3557 9171 7840 4607 1143 7384 1819 6983 6858 742 2354 8922 1678 4030 5916 4783 8032 33 5831 3957 5825 2839 7036
35 2869 6747 6455 3017 3840 9681 617 7912 8652 9075 189 5323 4559 1980 2945 9043 4312 243 6855 7400 7571 6555 858 5397 9310 9308 2855 6673 3322 6573 6876 6955 4040 231 1300
26 8962 8699 7631 9485 3680 8112 9576 1182 5914 275 9908 7935 7990 2149 5327 1205 3226 6934 7478 6011 7676 4324 9797 845 6917 2117
18 4637 9052 2147 4411 1029 6116 6552 7521 8336 6847 7408 2127 7022 603 9528 8982 6384 8122
25 4150 3424 7248 5892 2982 92 9429 4713 2377 2810 872 9269 6923 3379 9725 3704 2816 451 5742 955 1837 1570 1602 1261 6260
23 6115 5027 9733 1323 2718 1772 9237 6823 2876 2420 9598 8771 3900 532 725 7523 7597 8352 349 4735 6881 1758 3120
30 3988 1630 864 5816 5662 5913 9070 9028 524 6120 1656 9479 8291 6861 4168 4878 6975 6025 6803 4165 8297 6072 3937 2744 2759 1636 131 2277 8211 8490
32 5885 1372 8021 41 9586 5783 8445 3338 7762 542 5933 5201 3963 3328 4777 4212 4919 2749 1974 4036 941 6637 8975 9535 7084 1877 7279 9984 8411 8279 3518 2463
35 541 3249 315 9286 7097 7901 8116 9062 8631 6930 509 6596 5094 2341 90 2159 9943 7549 3873 7720 4748 520 7517 3171 4576 9126 4037 8880 555 5580 2914 7026 8404 7235 5665
25 4143 6654 8979 9602 2198 3445 9180 4063 7456 4623 716 7609 9994 4043 8264 9967 7802 3360 8047 111 5011 6088 679 2322 3723
19 6228 7428 8040 6021 2442 4024 6570 6805 5861 7453 261 2197 1163 815 4900 8394 8853 8000 3279
26 622 9282 4048 7805 8028 1368 3443 7440 5172 257 1253 7528 5128 8776 5633 1916 8084 9415 3324 6411 9432 4231 302 4451 8396 1805
31 1833 902 4299 4558 6903 6023 8876 9570 369 1259 1417 6838 6683 6821 2345 1781 22 6387 1053 8844 787 954 1249 7511 6892 4934 60 6631 1147 7281 6911
30 6961 7512 5307 8194 1453 9357 458 4853 5105 4456 4453 9333 2859 1905 4135 8048 9518 9323 6388 6690 9500 8781 3600 8942 4542 9703 913 4697 9878 7182
14 29 1024 7666 3921 8772 611 1365 8938 115 934 3086 2756 6565 7206
26 1664 8209 513 1655 6764 4245 2776 6896 4958 5437 6904 698 1741 3536 8141 7800 8347 5498 1397 4465 8908 2114 9280 9609 4683 4725
29 55 2603 7891 6352 7686 908 1016 7987 133 6974 5529 3159 1567 3391 2943 6027 6124 6660 5199 9582 8409 8619 1128 5895 8168 4820 1207 6507 3631
25 9523 9649 5285 1628 9712 6537 8761 8617 8062 9912 7501 1061 2587 5905 7997 7775 8639 9343 7989 6005 4977 3780 431 3093 9829
31 9216 9691 3129 6547 5656 5642 6196 5344 379 365 6864 624 7807 3235 1340 3980 3353 8013 5590 5215 358 1268 7199 7518 4774 6445 3871 9371 5159 8808 5586
17 9283 3148 9306 2566 7870 7444 2526 9418 4727 4081 7050 2472 5410 1213 8082 9461 3408
26 4842 6877 1640 1503 3616 4029 6009 4355 7037 7894 5134 4128 6816 5167 9162 8473 7932 7854 6371 8777 2372 7947 3180 4424 7537 7393
37 2576 3546 3208 3601 9890 7172 4938 986 853 159 6784 7693 7903 4496 7866 5473 6953 1720 6043 7189 370 9933 5035 3385 5022 6500 9995 925 9404 3268 4726 8100 4516 1403 8581 2408 9673
29 4346 7711 9636 9116 4615 4605 5279 8851 865 2052 3269 8688 4219 2844 6574 7195 4925 2555 505 6651 9076 446 5096 5316 1408 4522 2280 2019 5841
29 1888 9473 7585 3816 9702 4639 2355 6283 4278 6932 1176 2835 5658 2861 2308 6801 7240 2918 4110 7 3303 9525 3766 6770 8145 5345 2592 9831 3289
29 734 2230 4686 1873 4493 3290 3952 2054 1531 7926 4711 3339 3145 1857 3982 2462 4187 3820 8041 3822 3933 3504 5928 9340 6007 371 6158 3929 1212
29 3149 1113 8434 5957 9464 6026 9537 1181 2675 7812 2906 1179 7415 5372 7383 4647 2311 8077 8905 2496 2801 8405 1153 7485 3683 911 1751 4185 1562
29 7119 409 5182 1792 3807 992 7636 3729 6146 4136 1690 5068 974 3214 735 8668 9802 7295 620 1028 5095 1903 3140 4795 6717 7985 759 8087 5225
18 4214 128 6360 9254 3594 6216 3760 4430 9079 8738 5106 5456 2030 2085 3223 2317 8356 4417
18 7862 7534 396 3829 8952 1431 3767 4810 6528 4389 2517 8461 6497 7023 6732 3063 6275 5578
30 157 7864 873 2107 1248 3673 6301 3967 3282 3316 3573 6982 3447 3796 8197 1885 6030 9389 1183 6154 1704 6232 3653 9008 5773 4180 1813 5937 8083 638
26 2986 9137 6875 3083 7567 4250 7685 3433 6719 7315 2453 5465 4314 5041 8460 37 6083 6396 9193 5705 3827 3942 1452 316 3688 9117
30 297 1852 482 2132 2981 969 8296 1197 9859 8746 6443 8598 216 1471 1525 5729 3437 7969 8498 3582 2553 6227 5010 367 4416 5932 9690 5147 5931 6127
33 1978 9255 448 1634 6809 3775 8101 9101 7275 272 7806 7004 4264 126 9955 9571 2017 4578 7385 9665 2687 4370 888 681 5594 673 9124 8663 6302 3128 8858 7524 7533
36 3103 8489 9401 7927 3544 6425 6392 5503 2207 871 5809 3314 1348 5878 9000 2909 3463 9779 7879 1761 2189 3828 2785 3387 9009 5288 2820 6233 5066 1426 2815 436 2606 4049 7714 4243
22 5341 739 6199 1489 1421 8059 4887 8439 1119 1623 5392 9529 861 2775 8479 9145 1801 3492 1195 5798 3284 8618
24 2912 4583 7677 1223 854 3721 7263 4798 9928 454 8160 4690 255 4543 9671 2213 6540 53 7098 9055 9258 9530 6242 7404
29 3281 6558 7546 2167 3370 9037 5043 2187 2602 9478 6103 8871 4167 5305 4357 1921 9113 7402 1140 6214 3179 1336 7079 7611 937 4729 9749 8226 6350
32 5716 7810 400 3105 7554 6984 9135 5866 1511 2667 649 9566 9729 2246 6389 4768 7007 9848 2186 8003 905 6145 2761 9519 145 5521 4077 6057 669 1951 325 8331
25 957 1778 2565 1532 8339 8918 1591 1499 8986 8969 8810 9801 6001 8354 8305 5826 5643 2891 1483 1478 9434 4054 4339 9918 8847
17 6724 6410 9804 3232 5994 9377 7921 6464 7233 750 3944 7170 1225 9773 9307 2698 8414
26 445 5818 2520 6669 5888 6498 8530 4585 7847 5837 5553 6122 510 1827 4076 5568 1449 5490 5605 3897 9883 2201 5762 3033 8423 9359
30 3693 3263 8146 3191 5593 2673 5426 7724 4866 9611 5394 3924 7483 8242 2414 4874 4876 3244 9664 5330 7027 3131 3309 3720 2726 8321 3265 6978 3480 6185
20 2020 1838 9459 684 4144 2757 7291 2617 9081 7765 9551 4797 6890 9338 4808 2287 1972 3712 5046 9304
26 8395 8104 533 3906 8546 9817 1603 9574 2599 2506 5981 512 7321 5943 6813 5614 668 1763 3272 9600 5964 2224 7818 3264 1082 5629
30 2008 4223 6206 975 8285 4629 1746 353 4163 7822 4062 3782 4472 4204 1130 5420 9863 600 3481 8852 9285 5319 5190 6760 5897 4508 2877 4901 5637 5538
37 8406 3409 5214 6942 6742 9620 376 1441 1311 9975 3930 1220 6393 5534 5188 6203 8650 6047 1047 8817 4663 4521 3628 9732 5595 2778 9398 6330 7159 1517 4859 7744 5599 7996 5592 1718 4241
25 5598 4260 2335 4980 989 1755 6580 4371 7169 6593 5356 3421 1193 3710 7754 1967 3293 732 1296 7962 8954 7272 1851 7738 7632
30 3030 9030 7690 8187 8367 9276 9177 1937 7715 5001 7614 4654 2808 9110 3625 5810 5558 8387 2582 8885 3109 3889 3056 7349 5252 7073 6045 5342 3848 6063
22 3471 7575 9240 4840 434 2340 7782 738 7486 7616 7721 4252 6949 2953 2363 9414 1928 8240 8891 3571 6405 2813
14 7141 658 2123 212 3036 6647 9249 4075 8993 4890 1065 6020 3560 9796
20 8102 6420 7787 6357 9127 6407 876 2121 8099 582 304 7298 9824 9058 8341 9198 7424 8327 4277 5682
28 8840 2422 1804 9575 4291 3663 881 8990 9272 9388 4249 6140 4539 1590 1310 5733 7405 2834 1941 5850 3639 5111 7767 5236 1127 7833 783 89
31 585 1609 8447 4064 2896 572 1355 1369 3524 1595 8798 3799 6793 5523 6920 3999 7599 9930 7699 6827 8886 9356 6092 593 3162 5836 8096 4418 7784 4311 8210
33 268 4935 6765 5602 378 8742 3102 9809 3247 1309 4532 2622 4470 8705 4547 589 5217 2389 7175 2371 1706 6383 4574 2302 2094 7052 6693 1425 7219 1327 8185 3286 4846
28 4495 7129 7792 442 1252 5495 4541 7595 1098 7829 2648 387 9298 1695 3152 3650 7201 1151 5152 4640 4193 5613 4010 966 6285 5499 4823 1088
22 1353 3697 2538 2539 8133 1460 6825 1443 2556 7075 7365 3013 6180 8399 6988 1754 6954 9339 2450 6614 8156 3749
13 5406 2297 1521 6907 8111 125 7786 4210 521 2267 2459 2668 4818
17 8342 8978 2305 1963 4953 7191 2288 2358 3352 4461 9327 9515 5348 6981 6533 7356 2897
27 5649 1721 5123 3997 2846 7392 5268 889 6863 9183 4000 9416 8161 2871 4835 6841 2022 2092 1445 479 2704 7469 1991 2133 2329 2243 1569
19 7640 8711 4045 6094 7770 9849 6641 8225 8253 7480 5677 721 6369 1798 3876 2070 9585 18 710
35 1528 7140 8055 4630 4285 2934 6356 2741 9033 1537 6657 4857 355 7525 1396 2390 3689 3913 2632 4423 5796 2378 503 7868 7306 9445 9603 2779 8899 3964 4408 9997 9782 2540 6997
33 583 696 3430 6316 4613 2000 5241 2173 9264 4689 9229 3894 2710 4950 9181 3074 4765 5149 496 7443 2328 5403 6166 312 7776 9069 182 2353 6950 13 7896 8612 1009
22 2941 2079 9627 199 5620 6454 9949 2304 4344 3609 2412 1566 5349 8887 4001 7703 2050 4943 4108 5037 4375 218
23 8204 7638 8536 8989 1913 1762 2979 546 2395 6243 5608 3761 3285 2737 2923 9554 8656 9331 7292 6149 556 6753 626
32 3025 1605 4437 5089 720 7000 3325 2404 6172 6344 2184 2796 8814 5278 338 4988 9643 9480 1796 2237 9170 7961 1361 71 8677 9857 4757 6065 9301 4197 1115 9097
32 1735 7116 6851 1221 3938 1 3993 127 1846 74 6297 4406 2125 4688 8067 2854 7352 8495 500 4571 6337 2419 4738 4975 8315 373 5030 6535 1665 5813 3107 737
26 5304 4984 8573 2216 208 942 8412 9505 1391 4113 7167 7998 9221 3077 5005 4698 8361 5575 1444 4289 5257 9360 4445 7834 2289 5646
25 4829 7764 2989 5708 8007 6888 7650 6773 5157 6033 7124 2584 2615 4386 4427 191 9942 1848 1662 944 5204 1514 7751 327 7252
24 741 1384 1030 1208 1752 402 1871 1747 5715 3241 7788 2348 7875 5950 3725 903 4581 2001 2929 9373 6107 31 8959 4716
24 5381 5358 608 1276 802 9951 6340 4485 9897 2110 7361 1466 7898 1756 5389 5911 5313 4903 8250 1291 7581 1454 5508 3386
30 9979 6849 4109 2690 4020 6398 5799 9273 9234 691 4776 5452 8664 8843 5163 2 9330 2740 3256 9718 5851 3337 2101 1895 5609 4287 5207 204 4172 6665
16 8559 8965 6238 6977 9957 8170 5333 5277 2028 2510 4931 2096 3637 4741 4568 5631
10 6321 9734 7502 7651 1041 1286 180 421 2100 3620
25 3743 3640 1995 8554 1491 7190 1845 9645 4006 3212 5862 1976 213 3777 9653 687 7607 3427 3882 3040 4174 5269 3945 8 1642
29 9581 7104 7355 4498 2393 4824 736 5786 2443 5548 2611 539 1477 6079 8907 7258 5947 717 8859 5015 882 7261 6136 8222 5003 9494 8641 4319 1558
31 1269 1777 832 422 5169 1660 6566 2281 1861 561 2205 1501 1275 6617 2084 6504 9233 3935 1375 4362 1385 3716 2182 2716 2925 1698 6070 8613 2073 3535 8556
11 6039 1338 2025 8502 395 8553 8732 9723 3500 5273 6221
26 8520 7379 5660 5193 4105 6248 3765 4667 320 2546 663 4259 4632 7653 1806 2150 6736 628 9236 4488 4095 7878 7268 3095 5563 1087
34 3457 6658 3865 7580 5663 4115 6305 9202 9242 5579 7150 7924 2601 7627 1702 2129 7260 2398 3397 8567 7377 6225 63 7378 9455 418 2987 140 5048 1683 9120 6246 8332 4145
31 8728 3951 4084 5240 3420 313 1256 105 2948 7493 7381 8450 6605 3277 4407 3299 2396 6130 7179 7753 7942 6557 1829 2481 79 9540 2298 4018 9937 1653 3043
29 4687 4467 1943 4907 2397 9881 9208 6451 1424 2715 8009 5396 1989 6811 3577 1298 4945 2674 4933 5618 6599 3733 4129 9013 5248 8580 7943 1247 1038
31 3564 3655 4502 5732 3879 657 7633 1257 352 76 2444 9022 7394 4906 1551 3242 1351 1611 5741 2047 9855 8388 5707 1577 8818 4766 440 4257 2421 8265 722
30 580 1635 5006 4154 656 6638 3802 3205 7466 3499 7843 2179 9322 4523 8359 6777 4322 2662 8936 5103 4216 7038 9777 7300 1219 5922 8260 1488 321 3825
34 6649 3575 2523 5621 4372 348 4744 6582 9106 4856 2042 1308 2175 6774 4460 4369 9363 1011 5827 4650 4118 2701 6254 4306 6084 4447 8579 3460 9956 8380 3390 5988 9354 7441
17 61 8262 328 3779 4657 1046 1880 4573 3096 9760 932 2830 5894 1074 2814 778 2664
25 4788 9503 9625 330 6222 3099 7569 6218 9667 959 2319 8974 4590 2960 9867 1229 1068 6525 1370 6091 5807 2380 7033 5781 766
31 5161 892 9806 8803 4297 2600 9341 7276 2291 7445 6197 857 1428 2535 7626 3052 1116 7461 1654 654 2222 9756 2727 5056 6099 2318 7617 8251 828 7766 8217
22 6456 6740 4088 9064 645 2209 5951 3203 967 1166 3031 8624 7090 8997 5925 288 4674 1423 2454 5703 7522 4103
21 8179 3160 5480 6366 7507 9988 8049 9148 1493 2004 3908 1717 6432 9578 3357 6867 1987 2746 2865 1663 6441
21 6952 6656 2641 3329 209 9634 2470 6336 6589 3685 5567 3044 8550 9800 8268 8140 8563 1809 8311 1456 8921
34 7877 7993 8328 1200 6128 1272 4587 9538 9761 2817 5238 106 4800 7370 52 6114 1681 2051 3635 5778 4512 6928 5007 6385 5430 3497 1744 389 3715 5737 6433 170 8171 7223
28 7799 3170 2626 1869 933 2754 9737 9963 7562 6067 1561 6775 9784 5600 6940 4970 8107 973 5483 4175 6623 8561 5624 5657 5251 2064 6914 5334
25 489 2714 5771 3108 6856 3026 3539 8281 2500 6299 591 5930 8465 3884 5528 3558 9590 8626 2629 9971 1120 8320 6151 8939 3850
23 9207 4536 2748 3368 9289 1232 2578 7988 8945 281 4282 9141 6548 4138 2058 3890 4283 7158 4363 1641 1148 6465 1646
27 8184 5679 862 8511 9157 8764 9351 9498 5249 5184 4359 184 6431 7447 8241 2199 226 9174 3954 8706 1085 650 1812 7880 6715 5312 1923
15 8420 5858 1233 9735 7732 775 6081 7984 1716 7122 7362 712 7977 926 5900
19 8675 9935 9965 2881 7883 8071 7914 4535 8061 80 7238 5496 7670 3810 5461 8095 438 2456 5819
29 6424 3572 3603 856 5263 5766 494 5310 2515 6865 7508 6808 6769 2935 6038 686 9886 7797 8039 3788 5832 3516 919 7850 1600 3343 9169 6635 8722
30 5245 7874 2261 5650 8785 7558 8486 2547 1104 310 7723 3483 9422 9699 878 3806 3815 7919 5740 8208 7213 4760 1825 8183 2259 2554 3014 6364 8594 1003
32 6160 2711 6951 3602 9654 4409 66 4099 3227 4206 1589 550 7624 3501 5262 9142 8169 5986 6829 940 1187 6812 621 1975 7910 9501 1442 4303 314 8508 749 7789
21 7468 7819 6105 7734 8565 9572 1990 45 1648 4304 4480 6022 9885 755 3886 3274 4383 317 9765 20 3032
31 1866 1530 7314 6503 5135 7535 5844 7564 8288 5569 890 2874 384 8549 2721 676 9688 4684 2334 9437 3804 5231 5726 860 4668 8834 3950 6368 5731 1983 9569
23 3692 3138 9382 3114 3701 633 7344 949 2885 8244 2309 7262 1395 134 1078 6318 2485 6372 609 2620 2623 3335 2032
22 8578 4130 8485 1297 4939 3592 2561 2978 859 8992 4025 7371 760 7578 8417 3953 1742 573 1161 5432 8142 3870
18 9121 8767 8749 6226 6543 3000 7656 1214 1083 6499 228 4860 5544 7136 8371 9669 3656 9172
14 1993 3758 1326 753 4913 9019 8544 174 8422 2703 3035 2786 9259 5293
14 3239 6794 8440 1550 9345 5091 8672 1650 5985 9887 6311 4079 5855 4177
37 9901 3849 9815 9871 7152 5952 4327 7274 7691 6379 1264 6839 4701 3877 8903 4032 1999 7137 841 3844 1596 5270 2158 569 7895 4178 9094 236 3932 2339 7083 5322 9793 8429 6853 1001 181
33 7911 4170 2455 1830 596 1684 9130 9134 4034 3904 6659 9553 130 4072 6378 9758 5537 9428 6679 4258 5136 1610 2533 6354 1793 5423 6217 927 6979 1312 1576 8424 616
27 9411 7156 2293 9385 2686 4854 3326 5847 1364 777 1715 6292 9114 7757 8284 2567 8081 9102 2416 4991 9580 8825 8589 1043 3742 5230 9573
24 1563 4724 5764 1791 9001 4121 1513 7939 7177 1770 1750 8676 1839 2239 5118 9904 7157 2624 1231 2521 7310 5817 7069 2049
29 4882 1194 2250 6985 5690 3451 1523 8542 8510 6319 3186 5872 5233 8539 3234 5984 8829 7674 7844 2255 5755 2849 8132 7705 8398 6991 8385 4 3478
20 5902 190 5500 4875 3915 2663 6024 907 7068 1376 7675 5355 8592 5053 9750 5749 4149 2880 7011 1378
30 7229 3891 3991 3199 4940 4021 1346 4089 4491 9073 3905 2938 9754 4569 3359 4345 6572 3081 6611 3996 5145 8635 3143 2361 2767 6782 2238 7824 795 7986
30 4066 5359 8207 7662 8273 5082 7387 8687 9980 7680 3610 399 6810 4682 8745 5166 3511 2254 3805 2155 6668 5549 2562 7452 1868 9467 2157 7906 4790 2983
22 6965 2681 3188 3605 266 4205 7777 1738 4274 5021 4074 8105 8571 8215 5772 4436 1172 879 4134 5536 2864 2134
34 610 1438 4648 3066 1201 982 8298 2527 2415 516 6868 6866 9302 5992 8811 4898 5419 2913 27 6510 8966 8443 3642 8733 6049 3219 3486 2643 2993 3923 6461 2221 1701 2597
19 7318 6752 8382 3717 9795 6739 9738 8188 7118 178 4879 4528 5220 6509 727 8914 9907 5223 3861
27 2429 7435 2899 493 8219 3842 5012 8609 6213 560 5962 3228 4159 8562 8481 11 2850 3686 2190 6948 5525 2365 1696 3018 8727 8710 8700
21 6633 7319 2518 4520 3432 5794 6262 4173 4276 4681 4082 3774 1661 7845 1556 8655 1354 4519 6015 6569 6241
22 2278 3294 9851 364 9724 2417 6519 1876 2596 1753 7018 2486 5266 8794 8276 6606 4570 797 7568 3255 1547 3259
32 2774 6155 4107 4481 8167 5803 4227 2702 3157 6681 202 4533 3470 4489 6339 9727 7531 545 8068 9489 8117 7304 3911 6889 6209 3627 7964 3641 4554 6492 59 464
20 9020 1414 499 4965 9482 4787 8193 2089 4378 2452 8031 1132 5739 9021 9509 6071 5745 1380 8454 7376
19 2418 5284 8881 9218 2545 2282 632 2542 5078 6972 8712 4707 1390 9057 8683 9552 3853 1226 5859
29 9291 6123 4537 730 3614 4722 2498 4235 2947 8199 9506 8317 1618 2381 4341 2387 1270 5365 8124 73 7039 296 2210 3080 6944 6664 818 3724 1559
23 9626 8149 5744 3989 9487 2212 4060 9767 887 4852 9629 1171 1666 7925 8757 7200 4751 289 6482 9129 6434 7335 9374
21 9187 8158 5507 8823 511 8955 559 3098 6544 478 8318 5736 7264 2792 7257 7954 1367 5395 1544 6840 6439
14 8509 7804 8721 3661 3494 293 2413 9708 641 1303 5735 6112 7017 9638
20 4586 4200 5554 5757 4225 2573 7330 2688 7449 3401 2303 551 2890 1858 3240 5276 429 7836 5296 6
18 4644 380 2128 6746 4068 5692 6375 2501 3392 8599 850 6564 8558 8985 6768 6183 8866 3638
28 2327 8435 4624 8868 7494 9678 2385 9263 5014 1872 4293 2630 5768 6463 1632 9122 5759 1971 5206 4680 1070 6489 7660 1086 7905 2843 9383 2411
23 4098 9347 4910 6202 57 9018 8236 1884 5375 1817 344 604 4492 3273 99 6702 2458 7950 2193 5077 579 9334 2848
18 7227 6862 4217 3101 1920 8438 4262 5906 5863 2974 5114 3834 3153 4737 9063 5281 6365 7937
31 6694 4112 1260 849 9617 921 4195 7697 5076 2612 8901 5176 688 4237 9080 9704 116 525 2283 2111 625 7067 915 2136 2046 1467 602 6958 5874 9721 3097
25 219 8557 3291 5526 1710 6386 1934 2021 112 5117 7340 9748 471 3927 7128 3517 3768 6766 1362 5127 4261 1014 9220 7131 675
16 2176 2729 5587 1818 3088 3548 4504 7359 3978 1952 8861 2326 9614 2862 4553 4268
31 1815 5808 1689 168 5347 1465 8035 156 2525 5941 7414 8988 93 3595 5102 4912 456 3961 5882 4438 3634 3118 4151 8235 5075 6621 9596 9747 82 590 3569
23 3008 6296 3403 7243 4050 640 3502 2732 6422 1862 8585 1433 1800 776 2532 6442 8513 7025 1356 7565 8674 7586 2755
25 5222 4194 435 4869 2787 6886 9842 1968 3669 230 3372 1199 5472 1073 1314 2016 3389 9825 1092 7908 5275 4271 9715 3367 6819
29 8271 4511 6409 5917 3477 4593 9846 4756 8667 163 6571 8627 7620 8383 9397 6325 4902 2433 4102 2708 8522 1811 9662 9615 9891 7283 4052 2286 3975
30 9670 9852 2401 1843 5303 7034 475 5724 8909 715 8500 2191 4330 5314 26 7798 1901 3283 6490 7160 8623 5286 1107 5126 9599 9601 4308 7391 1614 994
28 2944 2031 7232 2927 5228 7019 2505 886 4944 2541 4730 3448 7995 9471 6980 1917 7992 3020 4161 2604 197 491 1680 6273 5150 3791 4803 9766
37 6361 9166 1984 8323 9744 3112 5751 8523 993 1415 5009 9054 1393 9790 1592 543 6772 5032 1982 7582 8569 6483 7419 8427 6511 5945 5574 1764 460 1759 9622 9555 4310 1084 5058 8517 2508
13 3321 793 5247 9029 3748 6061 7417 2936 4039 3361 7360 8730 2169
25 3647 6708 7259 1402 6513 8841 2068 1749 8946 3587 3956 4342 988 5321 36 3248 9986 4126 9876 8372 8865 2090 5476 343 2163
28 8564 9274 150 8637 4973 2178 8094 8245 9379 5155 5411 1123 3428 2024 8958 634 6947 4740 8050 7852 2493 264 7308 2692 5272 3676 8278 9329
19 7716 1320 3201 517 5350 5367 9350 7032 8233 4500 4609 466 3189 1144 1077 7057 5876 7111 8874
22 113 2536 8892 5566 290 9190 4139 8951 3513 6946 6850 5250 7205 689 678 8775 7570 1516 9697 8824 3836 4844
25 6913 9633 4733 1627 3366 2852 4331 843 6426 897 9192 4266 2621 5154 7972 9108 2483 5588 4005 7437 6317 2908 9014 8138 7899
25 6607 8198 3632 2635 7382 922 6512 1023 5651 7790 9112 1824 1853 7541 114 9989 5115 167 7981 6723 6592 8053 3252 7968 5891
23 3168 6735 7085 4137 2937 5366 9539 1459 3173 9998 1822 5122 9278 9250 2950 534 7273 4360 4053 9591 6229 3089 4557
18 2313 477 3910 8816 8192 7077 1814 2325 4710 8863 5975 7144 9905 4864 6417 822 3028 7795
11 1724 4706 8967 2631 1387 9403 4597 6478 7536 773 7115
31 5402 9920 2338 7438 177 444 3648 3909 3466 9584 3075 7647 4562 7132 7781 4351 7265 9086 2274 2242 8828 3670 7835 3864 2266 2888 791 7413 5545 8374 7173
17 6900 5727 3608 8659 8788 7598 9060 3598 9342 5997 8759 5644 2474 9507 8980 2227 1020
20 2507 4959 9595 8832 2717 9948 1725 3624 9441 7490 3267 1383 8833 2994 693 8971 7752 7294 3491 805
29 5343 3068 9349 6106 5301 5208 6085 1767 2268 9816 581 7551 8680 420 6588 1056 1766 504 411 5246 1507 6435 9390 6334 5311 7748 4778 8106 2845
23 3667 3358 8807 670 3154 8616 8304 9395 8583 3599 4513 9034 8457 5918 324 9243 7423 7530 900 5753 9940 1210 9970
22 554 8227 4190 3856 5019 7958 96 7923 829 6295 5297 4215 3166 3254 308 4315 5368 6998 1581 7303 4057 4042
10 7088 5425 8088 2887 8174 2170 1064 1573 2770 3969
14 8587 1874 8263 5070 3211 5040 6696 9421 4471 7202 108 455 8044 9227
31 6418 109 8459 5562 8782 7498 463 1539 9607 918 9542 8270 875 7063 9111 6471 4026 6860 3059 2484 1032 8744 2647 362 5869 3415 1482 3441 443 3838 1887
33 9698 7455 8073 2856 8093 3542 1106 1474 4384 6587 2343 15 2439 6728 5767 3487 5357 9275 9597 359 9762 6787 8660 5946 3243 3084 9814 1935 6973 9215 9396 295 7825
27 8698 8630 7287 8376 8574 9805 5090 6000 8575 9457 8665 9964 4834 4594 4634 2234 4566 9219 492 2379 5787 5949 2113 5047 1677 391 2724
27 6780 3049 5746 245 2118 419 2440 9579 3465 7207 8312 6905 8494 6157 4718 3115 946 8299 5969 9178 9217 1954 9067 5942 8391 9146 4158
33 6767 2233 3976 8351 7557 4101 9527 3190 1263 7010 8506 2972 1541 4086 9155 2137 639 613 9175 9958 2733 2088 6937 3209 5940 764 6817 4230 540 3238 6080 8884 2544
26 6044 2838 2957 7574 6567 4652 4403 6698 9952 5564 1790 4301 4974 3878 3590 4524 4889 4381 270 6408 8056 2689 5209 5833 0 4091
22 4056 3527 3362 7081 4244 3278 9508 1411 361 8442 8200 3526 6568 7470 2195 3658 5454 6520 7214 6177 2502 8019
24 2531 3005 4635 615 9562 4028 8421 6380 2386 2075 5770 2907 1612 8661 3902 6583 4949 9646 4393 2185 6258 406 4865 4124
33 3410 5615 4794 8157 8464 8155 2654 7729 2680 4564 1638 9300 3454 9139 8933 4429 6996 8628 1072 8729 2739 5336 9531 6351 1712 6957 2968 4534 4545 6725 6019 4220 2271
14 5881 3245 661 5535 3512 9314 2660 7015 5489 6534 8152 6093 9700 8543
12 1879 3459 6304 9927 5849 1057 6249 2619 3312 1546 6016 8154
24 8086 5049 1240 1601 1222 6652 7284 3959 78 9091 155 4936 3383 5110 5194 3852 7495 747 3280 562 2161 1060 6514 557
24 8189 5636 3200 782 5234 4318 3636 9981 2126 4356 8968 5360 1965 1033 2676 6935 7358 4183 2822 5926 667 4267 2516 8535
22 2828 5213 2791 368 5782 5289 6104 5999 1037 4565 2269 6400 162 6687 9066 9745 5450 2310 2593 9577 6271 3588
36 1794 9996 9944 5829 9524 3038 4643 85 7278 4872 2969 799 484 6406 9941 5139 1850 5512 333 4739 1165 4762 9961 1657 7979 7774 9088 960 5834 2976 6373 107 2940 8654 4160 1722
19 7849 7108 2360 3373 2292 1048 1067 9966 7212 9903 6781 7756 6468 7959 5407 8503 5388 8726 3021
36 394 5227 7704 6068 1959 1797 5069 2473 7941 4552 636 7407 3561 4087 7566 683 8545 2109 4251 5309 7635 6131 4478 3419 3764 4603 2707 7963 3464 8223 4896 5685 3734 7008 3046 437
17 6269 6110 7779 659 4653 4449 215 6223 8534 8935 1000 4611 8043 587 980 5390 8022
27 6843 1784 8739 3073 7737 3398 8191 4966 5374 3657 4147 3496 501 3672 9534 4591 9894 4614 154 3503 6869 5518 1274 6428 6761 307 1190

