3 221 207 240
2 216 289
3 167 209 251
2 0 104
4 234 239 20 257
3 36 253 131
3 180 17 47
2 33 194
3 179 295 233
3 65 109 292
4 116 5 270 189
2 296 145
3 168 244 279
2 54 196
4 34 282 46 77
3 108 157 78
3 85 238 153
3 275 204 215
3 87 11 165
4 41 64 298 256
3 184 121 151
4 164 236 100 178
3 249 248 94
4 99 277 190 247
2 212 12
3 110 217 141
2 88 271
2 75 252
3 103 93 266
2 80 181
2 72 68
3 4 172 111
5 8 40 291 115 288
4 7 241 51 69
2 294 119
2 148 70
3 134 102 35
3 162 42 2
2 259 37
3 159 73 132
3 286 39 16
4 246 284 66 120
4 299 188 177 229
2 203 83
3 24 96 155
3 133 237 135
3 210 122 258
3 62 6 30
2 161 223
2 127 106
3 13 31 84
2 260 112
3 276 235 186
3 136 191 10
3 220 146 154
3 92 147 71
3 95 55 52
3 58 268 140
3 137 158 152
3 290 255 97
3 227 170 149
4 193 29 197 49
3 15 138 274
3 218 160 272
3 273 283 9
3 150 22 265
2 285 59
3 225 28 101
2 107 25
3 74 269 206
4 144 61 192 130
3 56 174 205
3 105 195 67
3 18 27 1
2 171 243
4 187 128 23 228
4 263 32 90 43
4 38 214 280 143
4 63 199 264 173
2 125 48
2 156 262
3 261 14 176
4 60 163 182 175
3 200 26 98
4 57 254 139 123
3 19 76 126
3 198 89 211
1 213
4 267 230 202 250
4 44 222 82 142
3 129 185 183
3 79 86 114
3 245 287 169
3 226 118 242
2 21 201
3 113 117 219
3 224 81 293
4 91 3 45 297
4 232 50 231 278
5 166 53 281 124 208

